// NOTE 
mer. 08 juin 2022 11:47:05 EAT
Initied Workspace by 
tonymushah
Initied git repertory 
// NOTE 
jeu. 09 juin 2022 07:30:29 EAT
compilation
// NOTE 
jeu. 09 juin 2022 07:30:36 EAT
Running Main
// NOTE 
ven. 10 juin 2022 10:51:05 EAT
compilation
// NOTE 
ven. 10 juin 2022 10:51:12 EAT
Running Main
// NOTE 
ven. 10 juin 2022 11:30:59 EAT
// NOTE 
ven. 10 juin 2022 12:04:00 EAT
compilation
// NOTE 
ven. 10 juin 2022 12:04:05 EAT
Running Main
// NOTE 
ven. 10 juin 2022 12:09:21 EAT
// NOTE 
ven. 10 juin 2022 12:09:41 EAT
compilation
// NOTE 
ven. 10 juin 2022 12:09:43 EAT
Running Main
// NOTE 
ven. 10 juin 2022 12:15:14 EAT
// NOTE 
ven. 10 juin 2022 12:16:49 EAT
// NOTE 
ven. 10 juin 2022 12:23:30 EAT
// NOTE 
ven. 10 juin 2022 13:12:47 EAT
// NOTE 
dim. 19 juin 2022 15:11:45 EAT
compilation
// NOTE 
dim. 19 juin 2022 15:11:55 EAT
compilation
// NOTE 
dim. 19 juin 2022 15:12:01 EAT
Running Main
Running Main
// NOTE 
ven. 12 mai 2023 21:13:10 EAT
